#
# There is insufficient memory for the Java Runtime Environment to continue.
# Native memory allocation (mmap) failed to map 264241152 bytes. Error detail: G1 virtual space
# Possible reasons:
#   The system is out of physical RAM or swap space
#   This process is running with CompressedOops enabled, and the Java Heap may be blocking the growth of the native heap
# Possible solutions:
#   Reduce memory load on the system
#   Increase physical memory or swap space
#   Check if swap backing store is full
#   Decrease Java heap size (-Xmx/-Xms)
#   Decrease number of Java threads
#   Decrease Java thread stack sizes (-Xss)
#   Set larger code cache with -XX:ReservedCodeCacheSize=
#   JVM is running with Zero Based Compressed Oops mode in which the Java heap is
#     placed in the first 32GB address space. The Java Heap base address is the
#     maximum limit for the native heap growth. Please use -XX:HeapBaseMinAddress
#     to set the Java Heap base and to place the Java Heap above 32GB virtual address.
# This output file may be truncated or incomplete.
#
#  Out of Memory Error (os_windows.cpp:3616), pid=4524, tid=12880
#
# JRE version:  (21.0.4+7) (build )
# Java VM: OpenJDK 64-Bit Server VM (21.0.4+7-adhoc.Administrator.jdk21u, mixed mode, sharing, tiered, compressed oops, compressed class ptrs, g1 gc, windows-amd64)
# No core dump will be written. Minidumps are not enabled by default on client versions of Windows
#

---------------  S U M M A R Y ------------

Command Line: 

Host: 11th Gen Intel(R) Core(TM) i5-1135G7 @ 2.40GHz, 8 cores, 15G,  Windows 11 , 64 bit Build 26100 (10.0.26100.7019)
Time: Tue Dec  9 17:37:16 2025 SE Asia Standard Time elapsed time: 0.078214 seconds (0d 0h 0m 0s)

---------------  T H R E A D  ---------------

Current thread (0x0000012de82d5920):  JavaThread "Unknown thread" [_thread_in_vm, id=12880, stack(0x0000001419900000,0x0000001419a00000) (1024K)]

Stack: [0x0000001419900000,0x0000001419a00000]
Native frames: (J=compiled Java code, j=interpreted, Vv=VM code, C=native code)
V  [jvm.dll+0x6d83d9]
V  [jvm.dll+0x8b39f3]
V  [jvm.dll+0x8b5d4e]
V  [jvm.dll+0x8b6433]
V  [jvm.dll+0x285816]
V  [jvm.dll+0x6d4b65]
V  [jvm.dll+0x6c929a]
V  [jvm.dll+0x35e2fb]
V  [jvm.dll+0x365ea6]
V  [jvm.dll+0x3b7e76]
V  [jvm.dll+0x3b8148]
V  [jvm.dll+0x331a3c]
V  [jvm.dll+0x33272b]
V  [jvm.dll+0x87bce9]
V  [jvm.dll+0x3c4f91]
V  [jvm.dll+0x865093]
V  [jvm.dll+0x45916e]
V  [jvm.dll+0x45adf1]
C  [jli.dll+0x52ab]
C  [ucrtbase.dll+0x37b0]
C  [KERNEL32.DLL+0x2e8d7]
C  [ntdll.dll+0x8c53c]


---------------  P R O C E S S  ---------------

Threads class SMR info:
_java_thread_list=0x00007ffa774a2048, length=0, elements={
}

Java Threads: ( => current thread )
Total: 0

Other Threads:
  0x0000012de833a7a0 WorkerThread "GC Thread#0"                     [id=21172, stack(0x0000001419a00000,0x0000001419b00000) (1024K)]
  0x0000012de834b2d0 ConcurrentGCThread "G1 Main Marker"            [id=26868, stack(0x0000001419b00000,0x0000001419c00000) (1024K)]
  0x0000012de834bdd0 WorkerThread "G1 Conc#0"                       [id=13848, stack(0x0000001419c00000,0x0000001419d00000) (1024K)]

[error occurred during error reporting (printing all threads), id 0xc0000005, EXCEPTION_ACCESS_VIOLATION (0xc0000005) at pc=0x00007ffa76ba4af7]
VM state: not at safepoint (not fully initialized)

VM Mutex/Monitor currently owned by a thread:  ([mutex/lock_event])
[0x00007ffa775163a8] Heap_lock - owner thread: 0x0000012de82d5920

Heap address: 0x0000000704a00000, size: 4022 MB, Compressed Oops mode: Zero based, Oop shift amount: 3

CDS archive(s) mapped at: [0x0000000000000000-0x0000000000000000-0x0000000000000000), size 0, SharedBaseAddress: 0x0000000800000000, ArchiveRelocationMode: 1.
Narrow klass base: 0x0000000000000000, Narrow klass shift: 0, Narrow klass range: 0x0

GC Precious Log:
 CardTable entry size: 512
 Card Set container configuration: InlinePtr #cards 4 size 8 Array Of Cards #cards 16 size 48 Howl #buckets 8 coarsen threshold 3686 Howl Bitmap #cards 512 size 80 coarsen threshold 460 Card regions per heap region 1 cards per card region 4096

Heap:
 garbage-first heap   total 0K, used 0K [0x0000000704a00000, 0x0000000800000000)
  region size 2048K, 0 young (0K), 0 survivors (0K)

[error occurred during error reporting (printing heap information), id 0xc0000005, EXCEPTION_ACCESS_VIOLATION (0xc0000005) at pc=0x00007ffa76f91cf9]
GC Heap History (0 events):
No events

Dll operation events (1 events):
Event: 0.041 Loaded shared library C:\Program Files\Java\openlogic-openjdk-21.0.4+7-windows-x64\bin\java.dll

Deoptimization events (0 events):
No events

Classes loaded (0 events):
No events

Classes unloaded (0 events):
No events

Classes redefined (0 events):
No events

Internal exceptions (0 events):
No events

ZGC Phase Switch (0 events):
No events

VM Operations (0 events):
No events

Memory protections (0 events):
No events

Nmethod flushes (0 events):
No events

Events (0 events):
No events


Dynamic libraries:
0x00007ff6d4510000 - 0x00007ff6d451e000 	C:\Program Files\Java\openlogic-openjdk-21.0.4+7-windows-x64\bin\java.exe
0x00007ffb10660000 - 0x00007ffb108c8000 	C:\WINDOWS\SYSTEM32\ntdll.dll
0x00007ffb0e880000 - 0x00007ffb0e949000 	C:\WINDOWS\System32\KERNEL32.DLL
0x00007ffb0da80000 - 0x00007ffb0de78000 	C:\WINDOWS\System32\KERNELBASE.dll
0x00007ffb0dfc0000 - 0x00007ffb0e10b000 	C:\WINDOWS\System32\ucrtbase.dll
0x00007ffadaa00000 - 0x00007ffadaa18000 	C:\Program Files\Java\openlogic-openjdk-21.0.4+7-windows-x64\bin\jli.dll
0x00007ffb0ea70000 - 0x00007ffb0ec37000 	C:\WINDOWS\System32\USER32.dll
0x00007ffb0d870000 - 0x00007ffb0d897000 	C:\WINDOWS\System32\win32u.dll
0x00007ffb10570000 - 0x00007ffb1059b000 	C:\WINDOWS\System32\GDI32.dll
0x00007ffb0d8a0000 - 0x00007ffb0d9cc000 	C:\WINDOWS\System32\gdi32full.dll
0x00007ffb0df10000 - 0x00007ffb0dfb3000 	C:\WINDOWS\System32\msvcp_win.dll
0x00007ffada710000 - 0x00007ffada72b000 	C:\Program Files\Java\openlogic-openjdk-21.0.4+7-windows-x64\bin\VCRUNTIME140.dll
0x00007ffaf30e0000 - 0x00007ffaf3374000 	C:\WINDOWS\WinSxS\amd64_microsoft.windows.common-controls_6595b64144ccf1df_6.0.26100.7019_none_3e06ffa0e335b8a8\COMCTL32.dll
0x00007ffb0e480000 - 0x00007ffb0e529000 	C:\WINDOWS\System32\msvcrt.dll
0x00007ffb102d0000 - 0x00007ffb10301000 	C:\WINDOWS\System32\IMM32.DLL
0x0000012de7900000 - 0x0000012de7916000 	C:\WINDOWS\System32\umppc20108.dll
0x0000012de7940000 - 0x0000012de7954000 	C:\WINDOWS\System32\CsXumd64_20108.dll
0x00007ffae8f70000 - 0x00007ffae8f7c000 	C:\Program Files\Java\openlogic-openjdk-21.0.4+7-windows-x64\bin\vcruntime140_1.dll
0x00007ffaa5150000 - 0x00007ffaa51dd000 	C:\Program Files\Java\openlogic-openjdk-21.0.4+7-windows-x64\bin\msvcp140.dll
0x00007ffa76860000 - 0x00007ffa775f6000 	C:\Program Files\Java\openlogic-openjdk-21.0.4+7-windows-x64\bin\server\jvm.dll
0x00007ffb104b0000 - 0x00007ffb10564000 	C:\WINDOWS\System32\ADVAPI32.dll
0x00007ffb0e9c0000 - 0x00007ffb0ea66000 	C:\WINDOWS\System32\sechost.dll
0x00007ffb0f570000 - 0x00007ffb0f688000 	C:\WINDOWS\System32\RPCRT4.dll
0x00007ffb0f4f0000 - 0x00007ffb0f564000 	C:\WINDOWS\System32\WS2_32.dll
0x00007ffb0d610000 - 0x00007ffb0d66e000 	C:\WINDOWS\SYSTEM32\POWRPROF.dll
0x00007ffb03e10000 - 0x00007ffb03e45000 	C:\WINDOWS\SYSTEM32\WINMM.dll
0x00007ffafd360000 - 0x00007ffafd36b000 	C:\WINDOWS\SYSTEM32\VERSION.dll
0x00007ffb0d5f0000 - 0x00007ffb0d604000 	C:\WINDOWS\SYSTEM32\UMPDC.dll
0x00007ffb0c400000 - 0x00007ffb0c41b000 	C:\WINDOWS\SYSTEM32\kernel.appcore.dll
0x00007ffadd270000 - 0x00007ffadd27a000 	C:\Program Files\Java\openlogic-openjdk-21.0.4+7-windows-x64\bin\jimage.dll
0x00007ffb0ad60000 - 0x00007ffb0afa2000 	C:\WINDOWS\SYSTEM32\DBGHELP.DLL
0x00007ffb0f0f0000 - 0x00007ffb0f47b000 	C:\WINDOWS\System32\combase.dll
0x00007ffb0f6a0000 - 0x00007ffb0f777000 	C:\WINDOWS\System32\OLEAUT32.dll
0x00007ffae9d70000 - 0x00007ffae9dac000 	C:\WINDOWS\SYSTEM32\dbgcore.DLL
0x00007ffb0d9d0000 - 0x00007ffb0da75000 	C:\WINDOWS\System32\bcryptPrimitives.dll
0x00007ffada420000 - 0x00007ffada43f000 	C:\Program Files\Java\openlogic-openjdk-21.0.4+7-windows-x64\bin\java.dll

dbghelp: loaded successfully - version: 4.0.5 - missing functions: none
symbol engine: initialized successfully - sym options: 0x614 - pdb path: .;C:\Program Files\Java\openlogic-openjdk-21.0.4+7-windows-x64\bin;C:\WINDOWS\SYSTEM32;C:\WINDOWS\WinSxS\amd64_microsoft.windows.common-controls_6595b64144ccf1df_6.0.26100.7019_none_3e06ffa0e335b8a8;C:\Program Files\Java\openlogic-openjdk-21.0.4+7-windows-x64\bin\server

VM Arguments:
java_command: <unknown>
java_class_path (initial): <not set>
Launcher Type: SUN_STANDARD

[Global flags]
     intx CICompilerCount                          = 4                                         {product} {ergonomic}
     uint ConcGCThreads                            = 2                                         {product} {ergonomic}
     uint G1ConcRefinementThreads                  = 8                                         {product} {ergonomic}
   size_t G1HeapRegionSize                         = 2097152                                   {product} {ergonomic}
    uintx GCDrainStackTargetSize                   = 64                                        {product} {ergonomic}
   size_t InitialHeapSize                          = 264241152                                 {product} {ergonomic}
   size_t MarkStackSize                            = 4194304                                   {product} {ergonomic}
   size_t MaxHeapSize                              = 4217372672                                {product} {ergonomic}
   size_t MinHeapDeltaBytes                        = 2097152                                   {product} {ergonomic}
   size_t MinHeapSize                              = 8388608                                   {product} {ergonomic}
    uintx NonNMethodCodeHeapSize                   = 5839372                                {pd product} {ergonomic}
    uintx NonProfiledCodeHeapSize                  = 122909434                              {pd product} {ergonomic}
    uintx ProfiledCodeHeapSize                     = 122909434                              {pd product} {ergonomic}
    uintx ReservedCodeCacheSize                    = 251658240                              {pd product} {ergonomic}
     bool SegmentedCodeCache                       = true                                      {product} {ergonomic}
   size_t SoftMaxHeapSize                          = 4217372672                             {manageable} {ergonomic}
     bool UseCompressedOops                        = true                           {product lp64_product} {ergonomic}
     bool UseG1GC                                  = true                                      {product} {ergonomic}
     bool UseLargePagesIndividualAllocation        = false                                  {pd product} {ergonomic}

Logging:
Log output configuration:
 #0: stdout all=warning uptime,level,tags foldmultilines=false
 #1: stderr all=off uptime,level,tags foldmultilines=false

Environment Variables:
JAVA_HOME=C:/Users/fauri.hakim/.jdks/corretto-21.0.7
PATH=C:\Users\fauri.hakim\AppData\Local\cloud-code\bin\versions\5d34a2de8f88f70b21c460b5511b65b6655aab69faf672c0b5000f1ee88306fb;C:\WINDOWS\system32;C:\WINDOWS;C:\WINDOWS\System32\Wbem;C:\WINDOWS\System32\WindowsPowerShell\v1.0\;C:\WINDOWS\System32\OpenSSH\;C:\Program Files\Git\cmd;C:\Program Files\JetBrains\IntelliJ IDEA Community Edition 2023.1.4\plugins\maven\lib\maven3\bin;C:\Program Files\Java\openlogic-openjdk-21.0.4+7-windows-x64\bin;C:\Program Files\dotnet\;D:\Apps\kafka_2.12-3.9.1\bin\windows;;C:\Program Files\Docker\Docker\resources\bin;C:\Users\fauri.hakim\AppData\Local\Programs\Python\Python313\Scripts\;C:\Users\fauri.hakim\AppData\Local\Programs\Python\Python313\;C:\Users\fauri.hakim\AppData\Local\Programs\Python\Launcher\;C:\Users\fauri.hakim\AppData\Local\Microsoft\WindowsApps;C:\Program Files\Java\openlogic-openjdk-21.0.4+7-windows-x64;C:\Program Files\JetBrains\IntelliJ IDEA Community Edition 2023.1.4\plugins\maven\lib\maven3\bin;C:\Users\fauri.hakim\AppData\Local\Google\Cloud SDK\google-cloud-sdk\bin;C:\Users\fauri.hakim\AppData\Local\Programs\Antigravity\bin
USERNAME=fauri.hakim
OS=Windows_NT
PROCESSOR_IDENTIFIER=Intel64 Family 6 Model 140 Stepping 1, GenuineIntel
TMP=C:\Users\FAURI~1.HAK\AppData\Local\Temp
TEMP=C:\Users\FAURI~1.HAK\AppData\Local\Temp




Periodic native trim disabled

---------------  S Y S T E M  ---------------

OS:
 Windows 11 , 64 bit Build 26100 (10.0.26100.7019)
OS uptime: 4 days 0:57 hours
Hyper-V role detected

CPU: total 8 (initial active 8) (4 cores per cpu, 2 threads per core) family 6 model 140 stepping 1 microcode 0x86, cx8, cmov, fxsr, ht, mmx, 3dnowpref, sse, sse2, sse3, ssse3, sse4.1, sse4.2, popcnt, lzcnt, tsc, tscinvbit, avx, avx2, aes, erms, clmul, bmi1, bmi2, adx, avx512f, avx512dq, avx512cd, avx512bw, avx512vl, sha, fma, vzeroupper, avx512_vpopcntdq, avx512_vpclmulqdq, avx512_vaes, avx512_vnni, clflush, clflushopt, clwb, avx512_vbmi2, avx512_vbmi, hv, rdtscp, rdpid, fsrm, gfni, avx512_bitalg, f16c, cet_ibt, cet_ss, avx512_ifma
Processor Information for processor 0
  Max Mhz: 2419, Current Mhz: 2419, Mhz Limit: 2419
Processor Information for processor 1
  Max Mhz: 2419, Current Mhz: 1209, Mhz Limit: 2419
Processor Information for processor 2
  Max Mhz: 2419, Current Mhz: 2419, Mhz Limit: 2419
Processor Information for processor 3
  Max Mhz: 2419, Current Mhz: 2419, Mhz Limit: 2419
Processor Information for processor 4
  Max Mhz: 2419, Current Mhz: 2419, Mhz Limit: 2419
Processor Information for processor 5
  Max Mhz: 2419, Current Mhz: 2419, Mhz Limit: 2419
Processor Information for processor 6
  Max Mhz: 2419, Current Mhz: 2419, Mhz Limit: 2419
Processor Information for processor 7
  Max Mhz: 2419, Current Mhz: 2419, Mhz Limit: 2419

Memory: 4k page, system-wide physical 16082M (729M free)
TotalPageFile size 23809M (AvailPageFile size 43M)
current process WorkingSet (physical memory assigned to process): 12M, peak: 12M
current process commit charge ("private bytes"): 60M, peak: 312M

vm_info: OpenJDK 64-Bit Server VM (21.0.4+7-adhoc.Administrator.jdk21u) for windows-amd64 JRE (21.0.4+7-adhoc.Administrator.jdk21u), built on 2024-07-17T14:45:30Z by "Administrator" with MS VC++ 16.10 / 16.11 (VS2019)

END.
